app/build/outputs/logs/manifest-merger-debug-report.txt
-- Merging decision tree log ---
manifest
ADDED from src\main\AndroidManifest.xml:2:1-53:12
	package
		ADDED from src\main\AndroidManifest.xml:4:5-46
		INJECTED from src\main\AndroidManifest.xml
		INJECTED from src\main\AndroidManifest.xml
	android:versionName
		INJECTED from src\main\AndroidManifest.xml
		INJECTED from src\main\AndroidManifest.xml
	xmlns:tools
		ADDED from src\main\AndroidManifest.xml:3:5-51
	xmlns:android
		ADDED from src\main\AndroidManifest.xml:2:11-69
	android:versionCode
		INJECTED from src\main\AndroidManifest.xml
		INJECTED from src\main\AndroidManifest.xml
uses-permission#android.permission.INTERNET
ADDED from src\main\AndroidManifest.xml:6:5-67
	android:name
		ADDED from src\main\AndroidManifest.xml:6:22-64
application
ADDED from src\main\AndroidManifest.xml:8:5-51:19
MERGED from [com.android.support.constraint:constraint-layout:1.0.2] AndroidManifest.xml:9:5-20
MERGED from [com.facebook.android:account-kit-sdk:4.24.0] AndroidManifest.xml:28:5-53:19
MERGED from [com.android.support:design:25.3.1] AndroidManifest.xml:29:5-20
MERGED from [com.android.support:transition:25.3.1] AndroidManifest.xml:26:5-20
MERGED from [com.facebook.android:facebook-android-sdk:4.24.0] AndroidManifest.xml:28:5-48:19
MERGED from [com.android.support:appcompat-v7:25.3.1] AndroidManifest.xml:29:5-20
MERGED from [com.android.support:support-v4:25.3.1] AndroidManifest.xml:29:5-20
MERGED from [com.android.support:support-fragment:25.3.1] AndroidManifest.xml:29:5-20
MERGED from [com.android.support:support-media-compat:25.3.1] AndroidManifest.xml:29:5-20
MERGED from [com.android.support:support-core-ui:25.3.1] AndroidManifest.xml:29:5-20
MERGED from [com.android.support:support-core-utils:25.3.1] AndroidManifest.xml:29:5-20
MERGED from [com.android.support:animated-vector-drawable:25.3.1] AndroidManifest.xml:26:5-20
MERGED from [com.android.support:support-vector-drawable:25.3.1] AndroidManifest.xml:26:5-20
MERGED from [com.android.support:cardview-v7:25.3.1] AndroidManifest.xml:26:5-20
MERGED from [com.android.support:customtabs:25.3.1] AndroidManifest.xml:26:5-20
MERGED from [com.android.support:support-compat:25.3.1] AndroidManifest.xml:29:5-20
	android:label
		ADDED from src\main\AndroidManifest.xml:11:9-41
	android:supportsRtl
		ADDED from src\main\AndroidManifest.xml:13:9-35
	android:roundIcon
		ADDED from src\main\AndroidManifest.xml:12:9-54
	android:allowBackup
		ADDED from src\main\AndroidManifest.xml:9:9-36
	android:icon
		ADDED from src\main\AndroidManifest.xml:10:9-43
	android:theme
		ADDED from src\main\AndroidManifest.xml:14:9-40
meta-data#com.facebook.accountkit.ApplicationName
ADDED from src\main\AndroidManifest.xml:15:9-16:48
	android:value
		ADDED from src\main\AndroidManifest.xml:16:13-45
	android:name
		ADDED from src\main\AndroidManifest.xml:15:20-74
meta-data#com.facebook.sdk.ApplicationId
ADDED from src\main\AndroidManifest.xml:17:9-18:55
	android:value
		ADDED from src\main\AndroidManifest.xml:18:13-52
	android:name
		ADDED from src\main\AndroidManifest.xml:17:20-65
meta-data#com.facebook.accountkit.ClientToken
ADDED from src\main\AndroidManifest.xml:19:9-20:64
	android:value
		ADDED from src\main\AndroidManifest.xml:20:13-61
	android:name
		ADDED from src\main\AndroidManifest.xml:19:20-70
activity#com.facebook.accountkit.ui.AccountKitActivity
ADDED from src\main\AndroidManifest.xml:21:9-25:20
MERGED from [com.facebook.android:account-kit-sdk:4.24.0] AndroidManifest.xml:29:9-34:58
	android:label
		ADDED from [com.facebook.android:account-kit-sdk:4.24.0] AndroidManifest.xml:31:13-65
	android:launchMode
		ADDED from [com.facebook.android:account-kit-sdk:4.24.0] AndroidManifest.xml:32:13-43
	android:windowSoftInputMode
		ADDED from [com.facebook.android:account-kit-sdk:4.24.0] AndroidManifest.xml:34:13-55
	android:theme
		ADDED from src\main\AndroidManifest.xml:23:13-49
		REJECTED from [com.facebook.android:account-kit-sdk:4.24.0] AndroidManifest.xml:33:13-52
	tools:replace
		ADDED from src\main\AndroidManifest.xml:24:13-42
	android:name
		ADDED from src\main\AndroidManifest.xml:22:13-73
activity#com.facebook.accountkit.ui.AccountKitEmailRedirectActivity
ADDED from src\main\AndroidManifest.xml:26:9-33:20
MERGED from [com.facebook.android:account-kit-sdk:4.24.0] AndroidManifest.xml:35:9-38:40
	android:exported
		ADDED from [com.facebook.android:account-kit-sdk:4.24.0] AndroidManifest.xml:37:13-36
	android:noHistory
		ADDED from [com.facebook.android:account-kit-sdk:4.24.0] AndroidManifest.xml:38:13-37
	android:name
		ADDED from src\main\AndroidManifest.xml:26:19-92
intent-filter#android.intent.action.VIEW+android.intent.category.BROWSABLE+android.intent.category.DEFAULT
ADDED from src\main\AndroidManifest.xml:27:13-32:29
action#android.intent.action.VIEW
ADDED from src\main\AndroidManifest.xml:28:17-69
	android:name
		ADDED from src\main\AndroidManifest.xml:28:25-66
category#android.intent.category.DEFAULT
ADDED from src\main\AndroidManifest.xml:29:17-76
	android:name
		ADDED from src\main\AndroidManifest.xml:29:27-73
category#android.intent.category.BROWSABLE
ADDED from src\main\AndroidManifest.xml:30:17-78
	android:name
		ADDED from src\main\AndroidManifest.xml:30:27-75
data
ADDED from src\main\AndroidManifest.xml:31:17-75
	android:scheme
		ADDED from src\main\AndroidManifest.xml:31:23-72
activity#com.example.udacity.surfconnect.LoginActivity
ADDED from src\main\AndroidManifest.xml:35:9-44:20
	android:screenOrientation
		ADDED from src\main\AndroidManifest.xml:37:13-49
	android:theme
		ADDED from src\main\AndroidManifest.xml:38:13-51
	android:name
		ADDED from src\main\AndroidManifest.xml:36:13-73
intent-filter#android.intent.action.MAIN+android.intent.category.LAUNCHER
ADDED from src\main\AndroidManifest.xml:39:13-43:29
action#android.intent.action.MAIN
ADDED from src\main\AndroidManifest.xml:40:17-69
	android:name
		ADDED from src\main\AndroidManifest.xml:40:25-66
category#android.intent.category.LAUNCHER
ADDED from src\main\AndroidManifest.xml:42:17-77
	android:name
		ADDED from src\main\AndroidManifest.xml:42:27-74
activity#com.example.udacity.surfconnect.AccountActivity
ADDED from src\main\AndroidManifest.xml:46:9-49:52
	android:screenOrientation
		ADDED from src\main\AndroidManifest.xml:49:13-49
	android:label
		ADDED from src\main\AndroidManifest.xml:48:13-44
	android:name
		ADDED from src\main\AndroidManifest.xml:47:13-75
uses-sdk
INJECTED from src\main\AndroidManifest.xml reason: use-sdk injection requested
MERGED from [com.android.support.constraint:constraint-layout:1.0.2] AndroidManifest.xml:5:5-7:41
MERGED from [com.makeramen:roundedimageview:2.3.0] AndroidManifest.xml:7:5-43
MERGED from [com.facebook.android:account-kit-sdk:4.24.0] AndroidManifest.xml:24:5-26:41
MERGED from [com.android.support:design:25.3.1] AndroidManifest.xml:21:5-23:62
MERGED from [com.android.support:recyclerview-v7:25.3.1] AndroidManifest.xml:20:5-43
MERGED from [com.android.support:transition:25.3.1] AndroidManifest.xml:20:5-44
MERGED from [com.facebook.android:facebook-android-sdk:4.24.0] AndroidManifest.xml:24:5-26:41
MERGED from [com.android.support:appcompat-v7:25.3.1] AndroidManifest.xml:21:5-23:78
MERGED from [com.android.support:support-v4:25.3.1] AndroidManifest.xml:21:5-23:54
MERGED from [com.android.support:support-fragment:25.3.1] AndroidManifest.xml:21:5-23:60
MERGED from [com.android.support:support-media-compat:25.3.1] AndroidManifest.xml:21:5-23:63
MERGED from [com.android.support:support-core-ui:25.3.1] AndroidManifest.xml:21:5-23:58
MERGED from [com.android.support:support-core-utils:25.3.1] AndroidManifest.xml:21:5-23:61
MERGED from [com.android.support:animated-vector-drawable:25.3.1] AndroidManifest.xml:20:5-44
MERGED from [com.android.support:support-vector-drawable:25.3.1] AndroidManifest.xml:20:5-43
MERGED from [com.android.support:cardview-v7:25.3.1] AndroidManifest.xml:20:5-43
MERGED from [com.android.support:customtabs:25.3.1] AndroidManifest.xml:20:5-44
MERGED from [com.android.support:support-compat:25.3.1] AndroidManifest.xml:21:5-23:58
	tools:overrideLibrary
		ADDED from [com.android.support:design:25.3.1] AndroidManifest.xml:23:9-59
	android:targetSdkVersion
		INJECTED from src\main\AndroidManifest.xml
		INJECTED from src\main\AndroidManifest.xml
	android:minSdkVersion
		INJECTED from src\main\AndroidManifest.xml
		INJECTED from src\main\AndroidManifest.xml
provider#com.facebook.accountkit.internal.AccountKitInitProvider
ADDED from [com.facebook.android:account-kit-sdk:4.24.0] AndroidManifest.xml:49:9-52:40
	android:authorities
		ADDED from [com.facebook.android:account-kit-sdk:4.24.0] AndroidManifest.xml:51:13-76
	android:exported
		ADDED from [com.facebook.android:account-kit-sdk:4.24.0] AndroidManifest.xml:52:13-37
	android:name
		ADDED from [com.facebook.android:account-kit-sdk:4.24.0] AndroidManifest.xml:50:13-83
meta-data#android.support.VERSION
ADDED from [com.android.support:design:25.3.1] AndroidManifest.xml:25:5-27:34
MERGED from [com.android.support:recyclerview-v7:25.3.1] AndroidManifest.xml:22:5-24:34
MERGED from [com.android.support:transition:25.3.1] AndroidManifest.xml:22:5-24:34
MERGED from [com.android.support:appcompat-v7:25.3.1] AndroidManifest.xml:25:5-27:34
MERGED from [com.android.support:support-v4:25.3.1] AndroidManifest.xml:25:5-27:34
MERGED from [com.android.support:support-fragment:25.3.1] AndroidManifest.xml:25:5-27:34
MERGED from [com.android.support:support-media-compat:25.3.1] AndroidManifest.xml:25:5-27:34
MERGED from [com.android.support:support-core-ui:25.3.1] AndroidManifest.xml:25:5-27:34
MERGED from [com.android.support:support-core-utils:25.3.1] AndroidManifest.xml:25:5-27:34
MERGED from [com.android.support:animated-vector-drawable:25.3.1] AndroidManifest.xml:22:5-24:34
MERGED from [com.android.support:support-vector-drawable:25.3.1] AndroidManifest.xml:22:5-24:34
MERGED from [com.android.support:cardview-v7:25.3.1] AndroidManifest.xml:22:5-24:34
MERGED from [com.android.support:customtabs:25.3.1] AndroidManifest.xml:22:5-24:34
MERGED from [com.android.support:support-compat:25.3.1] AndroidManifest.xml:25:5-27:34
	android:value
		ADDED from [com.android.support:design:25.3.1] AndroidManifest.xml:27:9-31
	android:name
		ADDED from [com.android.support:design:25.3.1] AndroidManifest.xml:26:9-47
activity#com.facebook.FacebookActivity
ADDED from [com.facebook.android:facebook-android-sdk:4.24.0] AndroidManifest.xml:29:9-32:66
	android:configChanges
		ADDED from [com.facebook.android:facebook-android-sdk:4.24.0] AndroidManifest.xml:31:13-96
	android:theme
		ADDED from [com.facebook.android:facebook-android-sdk:4.24.0] AndroidManifest.xml:32:13-63
	android:name
		ADDED from [com.facebook.android:facebook-android-sdk:4.24.0] AndroidManifest.xml:30:13-57
activity#com.facebook.CustomTabMainActivity
ADDED from [com.facebook.android:facebook-android-sdk:4.24.0] AndroidManifest.xml:33:9-71
	android:name
		ADDED from [com.facebook.android:facebook-android-sdk:4.24.0] AndroidManifest.xml:33:19-68
provider#com.facebook.internal.FacebookInitProvider
ADDED from [com.facebook.android:facebook-android-sdk:4.24.0] AndroidManifest.xml:44:9-47:40
	android:authorities
		ADDED from [com.facebook.android:facebook-android-sdk:4.24.0] AndroidManifest.xml:46:13-72
	android:exported
		ADDED from [com.facebook.android:facebook-android-sdk:4.24.0] AndroidManifest.xml:47:13-37
	android:name
		ADDED from [com.facebook.android:facebook-android-sdk:4.24.0] AndroidManifest.xml:45:13-70